<?xml version="1.0" encoding="UTF-8"?>
<testsuite xmlns:xsi="http://www.w3.org/2001/XMLSchema-instance" xsi:noNamespaceSchemaLocation="https://maven.apache.org/surefire/maven-surefire-plugin/xsd/surefire-test-report.xsd" name="com.everis.bootcamp.demo.DemoApplicationTests" time="5.523" tests="1" errors="0" skipped="0" failures="0">
  <properties>
    <property name="sun.desktop" value="windows"/>
    <property name="awt.toolkit" value="sun.awt.windows.WToolkit"/>
    <property name="java.specification.version" value="12"/>
    <property name="sun.cpu.isalist" value="amd64"/>
    <property name="sun.jnu.encoding" value="Cp1252"/>
    <property name="java.class.path" value="C:\Users\jmanchem\Documents\GitHub\proyecto_01\demo1\target\test-classes;C:\Users\jmanchem\Documents\GitHub\proyecto_01\demo1\target\classes;C:\Users\jmanchem\.m2\repository\org\springframework\boot\spring-boot-starter-actuator\2.5.3\spring-boot-starter-actuator-2.5.3.jar;C:\Users\jmanchem\.m2\repository\org\springframework\boot\spring-boot-starter\2.5.3\spring-boot-starter-2.5.3.jar;C:\Users\jmanchem\.m2\repository\org\springframework\boot\spring-boot\2.5.3\spring-boot-2.5.3.jar;C:\Users\jmanchem\.m2\repository\org\springframework\spring-context\5.3.9\spring-context-5.3.9.jar;C:\Users\jmanchem\.m2\repository\org\springframework\spring-aop\5.3.9\spring-aop-5.3.9.jar;C:\Users\jmanchem\.m2\repository\org\springframework\spring-expression\5.3.9\spring-expression-5.3.9.jar;C:\Users\jmanchem\.m2\repository\org\springframework\boot\spring-boot-autoconfigure\2.5.3\spring-boot-autoconfigure-2.5.3.jar;C:\Users\jmanchem\.m2\repository\org\springframework\boot\spring-boot-starter-logging\2.5.3\spring-boot-starter-logging-2.5.3.jar;C:\Users\jmanchem\.m2\repository\ch\qos\logback\logback-classic\1.2.4\logback-classic-1.2.4.jar;C:\Users\jmanchem\.m2\repository\ch\qos\logback\logback-core\1.2.4\logback-core-1.2.4.jar;C:\Users\jmanchem\.m2\repository\org\apache\logging\log4j\log4j-to-slf4j\2.14.1\log4j-to-slf4j-2.14.1.jar;C:\Users\jmanchem\.m2\repository\org\apache\logging\log4j\log4j-api\2.14.1\log4j-api-2.14.1.jar;C:\Users\jmanchem\.m2\repository\org\slf4j\jul-to-slf4j\1.7.32\jul-to-slf4j-1.7.32.jar;C:\Users\jmanchem\.m2\repository\jakarta\annotation\jakarta.annotation-api\1.3.5\jakarta.annotation-api-1.3.5.jar;C:\Users\jmanchem\.m2\repository\org\yaml\snakeyaml\1.28\snakeyaml-1.28.jar;C:\Users\jmanchem\.m2\repository\org\springframework\boot\spring-boot-actuator-autoconfigure\2.5.3\spring-boot-actuator-autoconfigure-2.5.3.jar;C:\Users\jmanchem\.m2\repository\org\springframework\boot\spring-boot-actuator\2.5.3\spring-boot-actuator-2.5.3.jar;C:\Users\jmanchem\.m2\repository\com\fasterxml\jackson\core\jackson-databind\2.12.4\jackson-databind-2.12.4.jar;C:\Users\jmanchem\.m2\repository\com\fasterxml\jackson\core\jackson-annotations\2.12.4\jackson-annotations-2.12.4.jar;C:\Users\jmanchem\.m2\repository\com\fasterxml\jackson\core\jackson-core\2.12.4\jackson-core-2.12.4.jar;C:\Users\jmanchem\.m2\repository\com\fasterxml\jackson\datatype\jackson-datatype-jsr310\2.12.4\jackson-datatype-jsr310-2.12.4.jar;C:\Users\jmanchem\.m2\repository\io\micrometer\micrometer-core\1.7.2\micrometer-core-1.7.2.jar;C:\Users\jmanchem\.m2\repository\org\hdrhistogram\HdrHistogram\2.1.12\HdrHistogram-2.1.12.jar;C:\Users\jmanchem\.m2\repository\org\latencyutils\LatencyUtils\2.0.3\LatencyUtils-2.0.3.jar;C:\Users\jmanchem\.m2\repository\org\springframework\boot\spring-boot-starter-webflux\2.5.3\spring-boot-starter-webflux-2.5.3.jar;C:\Users\jmanchem\.m2\repository\org\springframework\boot\spring-boot-starter-json\2.5.3\spring-boot-starter-json-2.5.3.jar;C:\Users\jmanchem\.m2\repository\com\fasterxml\jackson\datatype\jackson-datatype-jdk8\2.12.4\jackson-datatype-jdk8-2.12.4.jar;C:\Users\jmanchem\.m2\repository\com\fasterxml\jackson\module\jackson-module-parameter-names\2.12.4\jackson-module-parameter-names-2.12.4.jar;C:\Users\jmanchem\.m2\repository\org\springframework\boot\spring-boot-starter-reactor-netty\2.5.3\spring-boot-starter-reactor-netty-2.5.3.jar;C:\Users\jmanchem\.m2\repository\io\projectreactor\netty\reactor-netty-http\1.0.9\reactor-netty-http-1.0.9.jar;C:\Users\jmanchem\.m2\repository\io\netty\netty-codec-http\4.1.66.Final\netty-codec-http-4.1.66.Final.jar;C:\Users\jmanchem\.m2\repository\io\netty\netty-common\4.1.66.Final\netty-common-4.1.66.Final.jar;C:\Users\jmanchem\.m2\repository\io\netty\netty-buffer\4.1.66.Final\netty-buffer-4.1.66.Final.jar;C:\Users\jmanchem\.m2\repository\io\netty\netty-transport\4.1.66.Final\netty-transport-4.1.66.Final.jar;C:\Users\jmanchem\.m2\repository\io\netty\netty-codec\4.1.66.Final\netty-codec-4.1.66.Final.jar;C:\Users\jmanchem\.m2\repository\io\netty\netty-handler\4.1.66.Final\netty-handler-4.1.66.Final.jar;C:\Users\jmanchem\.m2\repository\io\netty\netty-codec-http2\4.1.66.Final\netty-codec-http2-4.1.66.Final.jar;C:\Users\jmanchem\.m2\repository\io\netty\netty-resolver-dns\4.1.66.Final\netty-resolver-dns-4.1.66.Final.jar;C:\Users\jmanchem\.m2\repository\io\netty\netty-resolver\4.1.66.Final\netty-resolver-4.1.66.Final.jar;C:\Users\jmanchem\.m2\repository\io\netty\netty-codec-dns\4.1.66.Final\netty-codec-dns-4.1.66.Final.jar;C:\Users\jmanchem\.m2\repository\io\netty\netty-resolver-dns-native-macos\4.1.66.Final\netty-resolver-dns-native-macos-4.1.66.Final-osx-x86_64.jar;C:\Users\jmanchem\.m2\repository\io\netty\netty-transport-native-unix-common\4.1.66.Final\netty-transport-native-unix-common-4.1.66.Final.jar;C:\Users\jmanchem\.m2\repository\io\netty\netty-transport-native-epoll\4.1.66.Final\netty-transport-native-epoll-4.1.66.Final-linux-x86_64.jar;C:\Users\jmanchem\.m2\repository\io\projectreactor\netty\reactor-netty-core\1.0.9\reactor-netty-core-1.0.9.jar;C:\Users\jmanchem\.m2\repository\io\netty\netty-handler-proxy\4.1.66.Final\netty-handler-proxy-4.1.66.Final.jar;C:\Users\jmanchem\.m2\repository\io\netty\netty-codec-socks\4.1.66.Final\netty-codec-socks-4.1.66.Final.jar;C:\Users\jmanchem\.m2\repository\org\springframework\spring-web\5.3.9\spring-web-5.3.9.jar;C:\Users\jmanchem\.m2\repository\org\springframework\spring-beans\5.3.9\spring-beans-5.3.9.jar;C:\Users\jmanchem\.m2\repository\org\springframework\spring-webflux\5.3.9\spring-webflux-5.3.9.jar;C:\Users\jmanchem\.m2\repository\org\projectlombok\lombok\1.18.20\lombok-1.18.20.jar;C:\Users\jmanchem\.m2\repository\org\springframework\boot\spring-boot-starter-test\2.5.3\spring-boot-starter-test-2.5.3.jar;C:\Users\jmanchem\.m2\repository\org\springframework\boot\spring-boot-test\2.5.3\spring-boot-test-2.5.3.jar;C:\Users\jmanchem\.m2\repository\org\springframework\boot\spring-boot-test-autoconfigure\2.5.3\spring-boot-test-autoconfigure-2.5.3.jar;C:\Users\jmanchem\.m2\repository\com\jayway\jsonpath\json-path\2.5.0\json-path-2.5.0.jar;C:\Users\jmanchem\.m2\repository\net\minidev\json-smart\2.4.7\json-smart-2.4.7.jar;C:\Users\jmanchem\.m2\repository\net\minidev\accessors-smart\2.4.7\accessors-smart-2.4.7.jar;C:\Users\jmanchem\.m2\repository\org\ow2\asm\asm\9.1\asm-9.1.jar;C:\Users\jmanchem\.m2\repository\org\slf4j\slf4j-api\1.7.32\slf4j-api-1.7.32.jar;C:\Users\jmanchem\.m2\repository\jakarta\xml\bind\jakarta.xml.bind-api\2.3.3\jakarta.xml.bind-api-2.3.3.jar;C:\Users\jmanchem\.m2\repository\jakarta\activation\jakarta.activation-api\1.2.2\jakarta.activation-api-1.2.2.jar;C:\Users\jmanchem\.m2\repository\org\assertj\assertj-core\3.19.0\assertj-core-3.19.0.jar;C:\Users\jmanchem\.m2\repository\org\hamcrest\hamcrest\2.2\hamcrest-2.2.jar;C:\Users\jmanchem\.m2\repository\org\junit\jupiter\junit-jupiter\5.7.2\junit-jupiter-5.7.2.jar;C:\Users\jmanchem\.m2\repository\org\junit\jupiter\junit-jupiter-api\5.7.2\junit-jupiter-api-5.7.2.jar;C:\Users\jmanchem\.m2\repository\org\apiguardian\apiguardian-api\1.1.0\apiguardian-api-1.1.0.jar;C:\Users\jmanchem\.m2\repository\org\opentest4j\opentest4j\1.2.0\opentest4j-1.2.0.jar;C:\Users\jmanchem\.m2\repository\org\junit\platform\junit-platform-commons\1.7.2\junit-platform-commons-1.7.2.jar;C:\Users\jmanchem\.m2\repository\org\junit\jupiter\junit-jupiter-params\5.7.2\junit-jupiter-params-5.7.2.jar;C:\Users\jmanchem\.m2\repository\org\junit\jupiter\junit-jupiter-engine\5.7.2\junit-jupiter-engine-5.7.2.jar;C:\Users\jmanchem\.m2\repository\org\junit\platform\junit-platform-engine\1.7.2\junit-platform-engine-1.7.2.jar;C:\Users\jmanchem\.m2\repository\org\mockito\mockito-core\3.9.0\mockito-core-3.9.0.jar;C:\Users\jmanchem\.m2\repository\net\bytebuddy\byte-buddy\1.10.22\byte-buddy-1.10.22.jar;C:\Users\jmanchem\.m2\repository\net\bytebuddy\byte-buddy-agent\1.10.22\byte-buddy-agent-1.10.22.jar;C:\Users\jmanchem\.m2\repository\org\objenesis\objenesis\3.2\objenesis-3.2.jar;C:\Users\jmanchem\.m2\repository\org\mockito\mockito-junit-jupiter\3.9.0\mockito-junit-jupiter-3.9.0.jar;C:\Users\jmanchem\.m2\repository\org\skyscreamer\jsonassert\1.5.0\jsonassert-1.5.0.jar;C:\Users\jmanchem\.m2\repository\com\vaadin\external\google\android-json\0.0.20131108.vaadin1\android-json-0.0.20131108.vaadin1.jar;C:\Users\jmanchem\.m2\repository\org\springframework\spring-core\5.3.9\spring-core-5.3.9.jar;C:\Users\jmanchem\.m2\repository\org\springframework\spring-jcl\5.3.9\spring-jcl-5.3.9.jar;C:\Users\jmanchem\.m2\repository\org\springframework\spring-test\5.3.9\spring-test-5.3.9.jar;C:\Users\jmanchem\.m2\repository\org\xmlunit\xmlunit-core\2.8.2\xmlunit-core-2.8.2.jar;C:\Users\jmanchem\.m2\repository\io\projectreactor\reactor-test\3.4.8\reactor-test-3.4.8.jar;C:\Users\jmanchem\.m2\repository\io\projectreactor\reactor-core\3.4.8\reactor-core-3.4.8.jar;C:\Users\jmanchem\.m2\repository\org\reactivestreams\reactive-streams\1.0.3\reactive-streams-1.0.3.jar;"/>
    <property name="java.vm.vendor" value="Oracle Corporation"/>
    <property name="sun.arch.data.model" value="64"/>
    <property name="user.variant" value=""/>
    <property name="java.vendor.url" value="https://java.oracle.com/"/>
    <property name="user.timezone" value="America/Lima"/>
    <property name="os.name" value="Windows 10"/>
    <property name="java.vm.specification.version" value="12"/>
    <property name="sun.java.launcher" value="SUN_STANDARD"/>
    <property name="user.country" value="PE"/>
    <property name="sun.boot.library.path" value="C:\Program Files\Java\jdk-12.0.2\bin"/>
    <property name="sun.java.command" value="C:\Users\jmanchem\AppData\Local\Temp\surefire18393138635180798146\surefirebooter12591792861366713719.jar C:\Users\jmanchem\AppData\Local\Temp\surefire18393138635180798146 2021-08-04T11-29-35_826-jvmRun1 surefire5417209119866514875tmp surefire_09924918822027030448tmp"/>
    <property name="jdk.debug" value="release"/>
    <property name="surefire.test.class.path" value="C:\Users\jmanchem\Documents\GitHub\proyecto_01\demo1\target\test-classes;C:\Users\jmanchem\Documents\GitHub\proyecto_01\demo1\target\classes;C:\Users\jmanchem\.m2\repository\org\springframework\boot\spring-boot-starter-actuator\2.5.3\spring-boot-starter-actuator-2.5.3.jar;C:\Users\jmanchem\.m2\repository\org\springframework\boot\spring-boot-starter\2.5.3\spring-boot-starter-2.5.3.jar;C:\Users\jmanchem\.m2\repository\org\springframework\boot\spring-boot\2.5.3\spring-boot-2.5.3.jar;C:\Users\jmanchem\.m2\repository\org\springframework\spring-context\5.3.9\spring-context-5.3.9.jar;C:\Users\jmanchem\.m2\repository\org\springframework\spring-aop\5.3.9\spring-aop-5.3.9.jar;C:\Users\jmanchem\.m2\repository\org\springframework\spring-expression\5.3.9\spring-expression-5.3.9.jar;C:\Users\jmanchem\.m2\repository\org\springframework\boot\spring-boot-autoconfigure\2.5.3\spring-boot-autoconfigure-2.5.3.jar;C:\Users\jmanchem\.m2\repository\org\springframework\boot\spring-boot-starter-logging\2.5.3\spring-boot-starter-logging-2.5.3.jar;C:\Users\jmanchem\.m2\repository\ch\qos\logback\logback-classic\1.2.4\logback-classic-1.2.4.jar;C:\Users\jmanchem\.m2\repository\ch\qos\logback\logback-core\1.2.4\logback-core-1.2.4.jar;C:\Users\jmanchem\.m2\repository\org\apache\logging\log4j\log4j-to-slf4j\2.14.1\log4j-to-slf4j-2.14.1.jar;C:\Users\jmanchem\.m2\repository\org\apache\logging\log4j\log4j-api\2.14.1\log4j-api-2.14.1.jar;C:\Users\jmanchem\.m2\repository\org\slf4j\jul-to-slf4j\1.7.32\jul-to-slf4j-1.7.32.jar;C:\Users\jmanchem\.m2\repository\jakarta\annotation\jakarta.annotation-api\1.3.5\jakarta.annotation-api-1.3.5.jar;C:\Users\jmanchem\.m2\repository\org\yaml\snakeyaml\1.28\snakeyaml-1.28.jar;C:\Users\jmanchem\.m2\repository\org\springframework\boot\spring-boot-actuator-autoconfigure\2.5.3\spring-boot-actuator-autoconfigure-2.5.3.jar;C:\Users\jmanchem\.m2\repository\org\springframework\boot\spring-boot-actuator\2.5.3\spring-boot-actuator-2.5.3.jar;C:\Users\jmanchem\.m2\repository\com\fasterxml\jackson\core\jackson-databind\2.12.4\jackson-databind-2.12.4.jar;C:\Users\jmanchem\.m2\repository\com\fasterxml\jackson\core\jackson-annotations\2.12.4\jackson-annotations-2.12.4.jar;C:\Users\jmanchem\.m2\repository\com\fasterxml\jackson\core\jackson-core\2.12.4\jackson-core-2.12.4.jar;C:\Users\jmanchem\.m2\repository\com\fasterxml\jackson\datatype\jackson-datatype-jsr310\2.12.4\jackson-datatype-jsr310-2.12.4.jar;C:\Users\jmanchem\.m2\repository\io\micrometer\micrometer-core\1.7.2\micrometer-core-1.7.2.jar;C:\Users\jmanchem\.m2\repository\org\hdrhistogram\HdrHistogram\2.1.12\HdrHistogram-2.1.12.jar;C:\Users\jmanchem\.m2\repository\org\latencyutils\LatencyUtils\2.0.3\LatencyUtils-2.0.3.jar;C:\Users\jmanchem\.m2\repository\org\springframework\boot\spring-boot-starter-webflux\2.5.3\spring-boot-starter-webflux-2.5.3.jar;C:\Users\jmanchem\.m2\repository\org\springframework\boot\spring-boot-starter-json\2.5.3\spring-boot-starter-json-2.5.3.jar;C:\Users\jmanchem\.m2\repository\com\fasterxml\jackson\datatype\jackson-datatype-jdk8\2.12.4\jackson-datatype-jdk8-2.12.4.jar;C:\Users\jmanchem\.m2\repository\com\fasterxml\jackson\module\jackson-module-parameter-names\2.12.4\jackson-module-parameter-names-2.12.4.jar;C:\Users\jmanchem\.m2\repository\org\springframework\boot\spring-boot-starter-reactor-netty\2.5.3\spring-boot-starter-reactor-netty-2.5.3.jar;C:\Users\jmanchem\.m2\repository\io\projectreactor\netty\reactor-netty-http\1.0.9\reactor-netty-http-1.0.9.jar;C:\Users\jmanchem\.m2\repository\io\netty\netty-codec-http\4.1.66.Final\netty-codec-http-4.1.66.Final.jar;C:\Users\jmanchem\.m2\repository\io\netty\netty-common\4.1.66.Final\netty-common-4.1.66.Final.jar;C:\Users\jmanchem\.m2\repository\io\netty\netty-buffer\4.1.66.Final\netty-buffer-4.1.66.Final.jar;C:\Users\jmanchem\.m2\repository\io\netty\netty-transport\4.1.66.Final\netty-transport-4.1.66.Final.jar;C:\Users\jmanchem\.m2\repository\io\netty\netty-codec\4.1.66.Final\netty-codec-4.1.66.Final.jar;C:\Users\jmanchem\.m2\repository\io\netty\netty-handler\4.1.66.Final\netty-handler-4.1.66.Final.jar;C:\Users\jmanchem\.m2\repository\io\netty\netty-codec-http2\4.1.66.Final\netty-codec-http2-4.1.66.Final.jar;C:\Users\jmanchem\.m2\repository\io\netty\netty-resolver-dns\4.1.66.Final\netty-resolver-dns-4.1.66.Final.jar;C:\Users\jmanchem\.m2\repository\io\netty\netty-resolver\4.1.66.Final\netty-resolver-4.1.66.Final.jar;C:\Users\jmanchem\.m2\repository\io\netty\netty-codec-dns\4.1.66.Final\netty-codec-dns-4.1.66.Final.jar;C:\Users\jmanchem\.m2\repository\io\netty\netty-resolver-dns-native-macos\4.1.66.Final\netty-resolver-dns-native-macos-4.1.66.Final-osx-x86_64.jar;C:\Users\jmanchem\.m2\repository\io\netty\netty-transport-native-unix-common\4.1.66.Final\netty-transport-native-unix-common-4.1.66.Final.jar;C:\Users\jmanchem\.m2\repository\io\netty\netty-transport-native-epoll\4.1.66.Final\netty-transport-native-epoll-4.1.66.Final-linux-x86_64.jar;C:\Users\jmanchem\.m2\repository\io\projectreactor\netty\reactor-netty-core\1.0.9\reactor-netty-core-1.0.9.jar;C:\Users\jmanchem\.m2\repository\io\netty\netty-handler-proxy\4.1.66.Final\netty-handler-proxy-4.1.66.Final.jar;C:\Users\jmanchem\.m2\repository\io\netty\netty-codec-socks\4.1.66.Final\netty-codec-socks-4.1.66.Final.jar;C:\Users\jmanchem\.m2\repository\org\springframework\spring-web\5.3.9\spring-web-5.3.9.jar;C:\Users\jmanchem\.m2\repository\org\springframework\spring-beans\5.3.9\spring-beans-5.3.9.jar;C:\Users\jmanchem\.m2\repository\org\springframework\spring-webflux\5.3.9\spring-webflux-5.3.9.jar;C:\Users\jmanchem\.m2\repository\org\projectlombok\lombok\1.18.20\lombok-1.18.20.jar;C:\Users\jmanchem\.m2\repository\org\springframework\boot\spring-boot-starter-test\2.5.3\spring-boot-starter-test-2.5.3.jar;C:\Users\jmanchem\.m2\repository\org\springframework\boot\spring-boot-test\2.5.3\spring-boot-test-2.5.3.jar;C:\Users\jmanchem\.m2\repository\org\springframework\boot\spring-boot-test-autoconfigure\2.5.3\spring-boot-test-autoconfigure-2.5.3.jar;C:\Users\jmanchem\.m2\repository\com\jayway\jsonpath\json-path\2.5.0\json-path-2.5.0.jar;C:\Users\jmanchem\.m2\repository\net\minidev\json-smart\2.4.7\json-smart-2.4.7.jar;C:\Users\jmanchem\.m2\repository\net\minidev\accessors-smart\2.4.7\accessors-smart-2.4.7.jar;C:\Users\jmanchem\.m2\repository\org\ow2\asm\asm\9.1\asm-9.1.jar;C:\Users\jmanchem\.m2\repository\org\slf4j\slf4j-api\1.7.32\slf4j-api-1.7.32.jar;C:\Users\jmanchem\.m2\repository\jakarta\xml\bind\jakarta.xml.bind-api\2.3.3\jakarta.xml.bind-api-2.3.3.jar;C:\Users\jmanchem\.m2\repository\jakarta\activation\jakarta.activation-api\1.2.2\jakarta.activation-api-1.2.2.jar;C:\Users\jmanchem\.m2\repository\org\assertj\assertj-core\3.19.0\assertj-core-3.19.0.jar;C:\Users\jmanchem\.m2\repository\org\hamcrest\hamcrest\2.2\hamcrest-2.2.jar;C:\Users\jmanchem\.m2\repository\org\junit\jupiter\junit-jupiter\5.7.2\junit-jupiter-5.7.2.jar;C:\Users\jmanchem\.m2\repository\org\junit\jupiter\junit-jupiter-api\5.7.2\junit-jupiter-api-5.7.2.jar;C:\Users\jmanchem\.m2\repository\org\apiguardian\apiguardian-api\1.1.0\apiguardian-api-1.1.0.jar;C:\Users\jmanchem\.m2\repository\org\opentest4j\opentest4j\1.2.0\opentest4j-1.2.0.jar;C:\Users\jmanchem\.m2\repository\org\junit\platform\junit-platform-commons\1.7.2\junit-platform-commons-1.7.2.jar;C:\Users\jmanchem\.m2\repository\org\junit\jupiter\junit-jupiter-params\5.7.2\junit-jupiter-params-5.7.2.jar;C:\Users\jmanchem\.m2\repository\org\junit\jupiter\junit-jupiter-engine\5.7.2\junit-jupiter-engine-5.7.2.jar;C:\Users\jmanchem\.m2\repository\org\junit\platform\junit-platform-engine\1.7.2\junit-platform-engine-1.7.2.jar;C:\Users\jmanchem\.m2\repository\org\mockito\mockito-core\3.9.0\mockito-core-3.9.0.jar;C:\Users\jmanchem\.m2\repository\net\bytebuddy\byte-buddy\1.10.22\byte-buddy-1.10.22.jar;C:\Users\jmanchem\.m2\repository\net\bytebuddy\byte-buddy-agent\1.10.22\byte-buddy-agent-1.10.22.jar;C:\Users\jmanchem\.m2\repository\org\objenesis\objenesis\3.2\objenesis-3.2.jar;C:\Users\jmanchem\.m2\repository\org\mockito\mockito-junit-jupiter\3.9.0\mockito-junit-jupiter-3.9.0.jar;C:\Users\jmanchem\.m2\repository\org\skyscreamer\jsonassert\1.5.0\jsonassert-1.5.0.jar;C:\Users\jmanchem\.m2\repository\com\vaadin\external\google\android-json\0.0.20131108.vaadin1\android-json-0.0.20131108.vaadin1.jar;C:\Users\jmanchem\.m2\repository\org\springframework\spring-core\5.3.9\spring-core-5.3.9.jar;C:\Users\jmanchem\.m2\repository\org\springframework\spring-jcl\5.3.9\spring-jcl-5.3.9.jar;C:\Users\jmanchem\.m2\repository\org\springframework\spring-test\5.3.9\spring-test-5.3.9.jar;C:\Users\jmanchem\.m2\repository\org\xmlunit\xmlunit-core\2.8.2\xmlunit-core-2.8.2.jar;C:\Users\jmanchem\.m2\repository\io\projectreactor\reactor-test\3.4.8\reactor-test-3.4.8.jar;C:\Users\jmanchem\.m2\repository\io\projectreactor\reactor-core\3.4.8\reactor-core-3.4.8.jar;C:\Users\jmanchem\.m2\repository\org\reactivestreams\reactive-streams\1.0.3\reactive-streams-1.0.3.jar;"/>
    <property name="sun.cpu.endian" value="little"/>
    <property name="user.home" value="C:\Users\jmanchem"/>
    <property name="user.language" value="es"/>
    <property name="java.specification.vendor" value="Oracle Corporation"/>
    <property name="java.version.date" value="2019-07-16"/>
    <property name="java.home" value="C:\Program Files\Java\jdk-12.0.2"/>
    <property name="file.separator" value="\"/>
    <property name="basedir" value="C:\Users\jmanchem\Documents\GitHub\proyecto_01\demo1"/>
    <property name="java.vm.compressedOopsMode" value="32-bit"/>
    <property name="line.separator" value="&#10;"/>
    <property name="java.vm.specification.vendor" value="Oracle Corporation"/>
    <property name="java.specification.name" value="Java Platform API Specification"/>
    <property name="java.awt.graphicsenv" value="sun.awt.Win32GraphicsEnvironment"/>
    <property name="surefire.real.class.path" value="C:\Users\jmanchem\AppData\Local\Temp\surefire18393138635180798146\surefirebooter12591792861366713719.jar"/>
    <property name="user.script" value=""/>
    <property name="sun.management.compiler" value="HotSpot 64-Bit Tiered Compilers"/>
    <property name="java.runtime.version" value="12.0.2+10"/>
    <property name="user.name" value="jmanchem"/>
    <property name="path.separator" value=";"/>
    <property name="os.version" value="10.0"/>
    <property name="java.runtime.name" value="Java(TM) SE Runtime Environment"/>
    <property name="file.encoding" value="Cp1252"/>
    <property name="java.vm.name" value="Java HotSpot(TM) 64-Bit Server VM"/>
    <property name="localRepository" value="C:\Users\jmanchem\.m2\repository"/>
    <property name="java.vendor.url.bug" value="https://bugreport.java.com/bugreport/"/>
    <property name="java.io.tmpdir" value="C:\Users\jmanchem\AppData\Local\Temp\"/>
    <property name="java.version" value="12.0.2"/>
    <property name="user.dir" value="C:\Users\jmanchem\Documents\GitHub\proyecto_01\demo1"/>
    <property name="os.arch" value="amd64"/>
    <property name="java.vm.specification.name" value="Java Virtual Machine Specification"/>
    <property name="sun.os.patch.level" value=""/>
    <property name="java.library.path" value="C:\Program Files\Java\jdk-12.0.2\bin;C:\WINDOWS\Sun\Java\bin;C:\WINDOWS\system32;C:\WINDOWS;C:\Program Files\Google\Chrome\Application;C:\Program Files\Java\jdk-12.0.2\bin;C:\Program Files\apache-maven-3.8.1\bin;C:\Program Files (x86)\Common Files\Oracle\Java\javapath;C:\WINDOWS\system32;C:\WINDOWS;C:\WINDOWS\System32\Wbem;C:\WINDOWS\System32\WindowsPowerShell\v1.0\;C:\WINDOWS\System32\OpenSSH\;C:\Users\jmanchem\AppData\Local\Microsoft\WindowsApps;C:\Users\jmanchem\AppData\Local\GitHubDesktop\bin;."/>
    <property name="java.vm.info" value="mixed mode, sharing"/>
    <property name="java.vendor" value="Oracle Corporation"/>
    <property name="java.vm.version" value="12.0.2+10"/>
    <property name="sun.io.unicode.encoding" value="UnicodeLittle"/>
    <property name="java.class.version" value="56.0"/>
  </properties>
  <testcase name="contextLoads" classname="com.everis.bootcamp.demo.DemoApplicationTests" time="0.83"/>
</testsuite>